Using device: cuda:0
Loading checkpoint shards:   0%|          | 0/2 [00:00<?, ?it/s]Loading checkpoint shards:  50%|█████     | 1/2 [00:01<00:01,  1.13s/it]Loading checkpoint shards: 100%|██████████| 2/2 [00:01<00:00,  1.67it/s]
Created prompt: Question: क्वांटम यांत्रिकी से हम यह सीखते हैं कि एक रेडियोएक्टिव नाभिक द्वारा शासित होता है
Options:
1. न्यूटन के कानून
2. संभावना
3. निश्चता
4. कोई भी कानून नहीं
Please select the correct option.
Created prompt: Question: बैगिनी कहते हैं कि जीवन में अर्थ के अस्तित्व को लेकर असहमत होने वाले लोगों में से लगभग सभी केवल उस विचार को अस्वीकार करने की इच्छा रखते हैं कि जीवन में _____ होता है।
Options:
1. आंतरिक अर्थ
2. बाह्य अर्थ
3. धार्मिक अर्थ
4. सामाजिक अर्थ
Please select the correct option.
Created prompt: Question: एक्सप्रेशन 21/3 का उपयोग करके कौन सी स्थिति का समाधान किया जा सकता है?
Options:
1. जब तीन समूहों में 21 शर्ट हों तो कम से कम कितनी शर्ट होंगी पता लगाना
2. 3 ड्रेस के साथ 21 और ड्रेसेस रैक पर रखे जाते हैं, तब कितने ड्रेस होंगे पता लगाना
3. 21 जैकेट में से 3 बेचे जाने पर शेष जैकेट की गणना करना
4. 3 रैक पर एक समान रूप से रखे जाने वाले 21 स्कर्ट में हर रैक पर कितने स्कर्ट होंगे इसे पता लगाना
Please select the correct option.
Created prompt: Question: फ्लोएम सामग्री के आंदोलन के दबाव-धारा मॉडल के अनुसार, स्रोत से सिंक तक फोटोसिंथेट आंदोलन क्या द्वारा चलता है?
Options:
1. एटीपी-आधारित दबाव-धारा पंप
2. जल दबाव-धारा ग्रेडिएंट
3. पारदर्शीता
4. ऐपोप्लास्टिक विसरण
Please select the correct option.
Created prompt: Question: आहारी वसा के कार्य क्या हैं?

Options:
1. शरीर को ऊर्जा प्रदान करना
2. सेल्युलर मेम्ब्रेन का हिस्सा बनना
3. सेल संकेतन
4. दिए गए सभी विकल्प सही हैं
Please select the correct option.
